#
# There is insufficient memory for the Java Runtime Environment to continue.
# Native memory allocation (malloc) failed to allocate 1022096 bytes for Chunk::new
# Possible reasons:
#   The system is out of physical RAM or swap space
#   The process is running with CompressedOops enabled, and the Java Heap may be blocking the growth of the native heap
# Possible solutions:
#   Reduce memory load on the system
#   Increase physical memory or swap space
#   Check if swap backing store is full
#   Decrease Java heap size (-Xmx/-Xms)
#   Decrease number of Java threads
#   Decrease Java thread stack sizes (-Xss)
#   Set larger code cache with -XX:ReservedCodeCacheSize=
#   JVM is running with Zero Based Compressed Oops mode in which the Java heap is
#     placed in the first 32GB address space. The Java Heap base address is the
#     maximum limit for the native heap growth. Please use -XX:HeapBaseMinAddress
#     to set the Java Heap base and to place the Java Heap above 32GB virtual address.
# This output file may be truncated or incomplete.
#
#  Out of Memory Error (c:/BuildAgent/work/5ff2f6c26000d570/src/hotspot/share/memory/arena.cpp:197), pid=19156, tid=23584
#
# JRE version: OpenJDK Runtime Environment (11.0.5+10) (build 11.0.5+10-b520.30)
# Java VM: OpenJDK 64-Bit Server VM (11.0.5+10-b520.30, mixed mode, sharing, tiered, compressed oops, g1 gc, windows-amd64)
# No core dump will be written. Minidumps are not enabled by default on client versions of Windows
#

---------------  S U M M A R Y ------------

Command Line: -ea -javaagent:C:\Users\House\.m2\repository/org/aspectj/aspectjweaver/1.9.4/aspectjweaver-1.9.4.jar -Didea.test.cyclic.buffer.size=1048576 -javaagent:D:\Programs\INSTALLED\IntelliJ IDEA Community Edition 2019.3.2\lib\idea_rt.jar=6636:D:\Programs\INSTALLED\IntelliJ IDEA Community Edition 2019.3.2\bin -Dfile.encoding=UTF-8 com.intellij.rt.junit.JUnitStarter -ideVersion5 -junit5 YandexTest,test

Host: Intel(R) Core(TM) i5-7600K CPU @ 3.80GHz, 4 cores, 14G,  Windows 10 , 64 bit Build 19041 (10.0.19041.928)
Time: Sun May 16 17:28:57 2021 Russia TZ 2 Standard Time elapsed time: 1 seconds (0d 0h 0m 1s)

---------------  T H R E A D  ---------------

Current thread (0x000001345ce81800):  JavaThread "C2 CompilerThread0" daemon [_thread_in_native, id=23584, stack(0x000000016ee00000,0x000000016ef00000)]


Current CompileTask:
C2:   1618  914       4       org.aspectj.apache.bcel.classfile.Attribute::readAttribute (568 bytes)

Stack: [0x000000016ee00000,0x000000016ef00000]
Native frames: (J=compiled Java code, j=interpreted, Vv=VM code, C=native code)
V  [jvm.dll+0x5dcafa]
V  [jvm.dll+0x70e375]
V  [jvm.dll+0x70f898]
V  [jvm.dll+0x70ff63]
V  [jvm.dll+0x23e238]
V  [jvm.dll+0xb8a9c]
V  [jvm.dll+0xb8fac]
V  [jvm.dll+0x2b1f94]
V  [jvm.dll+0x501372]
V  [jvm.dll+0x1f941c]
V  [jvm.dll+0x1f6a1f]
V  [jvm.dll+0x17f6fc]
V  [jvm.dll+0x204f77]
V  [jvm.dll+0x2037f1]
V  [jvm.dll+0x6d835f]
V  [jvm.dll+0x6d114d]
V  [jvm.dll+0x5dbdd6]
C  [ucrtbase.dll+0x21bb2]
C  [KERNEL32.DLL+0x17034]
C  [ntdll.dll+0x52651]


---------------  P R O C E S S  ---------------

Threads class SMR info:
_java_thread_list=0x000001345dab4f90, length=12, elements={
0x000001343e222000, 0x000001345ce64000, 0x000001345ce65800, 0x000001345ce7f800,
0x000001345ce80800, 0x000001345ce81800, 0x000001345ce86800, 0x000001345ceef800,
0x000001345c63e800, 0x000001345da96800, 0x000001345da97800, 0x000001345db7e000
}

Java Threads: ( => current thread )
  0x000001343e222000 JavaThread "main" [_thread_in_Java, id=3728, stack(0x000000016e300000,0x000000016e400000)]
  0x000001345ce64000 JavaThread "Reference Handler" daemon [_thread_blocked, id=15872, stack(0x000000016ea00000,0x000000016eb00000)]
  0x000001345ce65800 JavaThread "Finalizer" daemon [_thread_blocked, id=12032, stack(0x000000016eb00000,0x000000016ec00000)]
  0x000001345ce7f800 JavaThread "Signal Dispatcher" daemon [_thread_blocked, id=10636, stack(0x000000016ec00000,0x000000016ed00000)]
  0x000001345ce80800 JavaThread "Attach Listener" daemon [_thread_blocked, id=4152, stack(0x000000016ed00000,0x000000016ee00000)]
=>0x000001345ce81800 JavaThread "C2 CompilerThread0" daemon [_thread_in_native, id=23584, stack(0x000000016ee00000,0x000000016ef00000)]
  0x000001345ce86800 JavaThread "C1 CompilerThread0" daemon [_thread_blocked, id=11140, stack(0x000000016ef00000,0x000000016f000000)]
  0x000001345ceef800 JavaThread "Sweeper thread" daemon [_thread_blocked, id=8276, stack(0x000000016f000000,0x000000016f100000)]
  0x000001345c63e800 JavaThread "Common-Cleaner" daemon [_thread_blocked, id=5024, stack(0x000000016f100000,0x000000016f200000)]
  0x000001345da96800 JavaThread "Monitor Ctrl-Break" daemon [_thread_in_native, id=6552, stack(0x000000016f500000,0x000000016f600000)]
  0x000001345da97800 JavaThread "Service Thread" daemon [_thread_blocked, id=10404, stack(0x000000016f600000,0x000000016f700000)]
  0x000001345db7e000 JavaThread "C2 CompilerThread1" daemon [_thread_in_native, id=10228, stack(0x000000016f900000,0x000000016fa00000)]

Other Threads:
  0x000001345c65a000 VMThread "VM Thread" [stack: 0x000000016e900000,0x000000016ea00000] [id=14104]
  0x000001345da9c800 WatcherThread [stack: 0x000000016f700000,0x000000016f800000] [id=15592]
  0x000001343e23c000 GCTaskThread "GC Thread#0" [stack: 0x000000016e400000,0x000000016e500000] [id=21328]
  0x000001345d860800 GCTaskThread "GC Thread#1" [stack: 0x000000016f200000,0x000000016f300000] [id=14016]
  0x000001345d591000 GCTaskThread "GC Thread#2" [stack: 0x000000016f300000,0x000000016f400000] [id=7532]
  0x000001345d974000 GCTaskThread "GC Thread#3" [stack: 0x000000016f400000,0x000000016f500000] [id=11976]
  0x000001343e291000 ConcurrentGCThread "G1 Main Marker" [stack: 0x000000016e500000,0x000000016e600000] [id=23168]
  0x000001343e293800 ConcurrentGCThread "G1 Conc#0" [stack: 0x000000016e600000,0x000000016e700000] [id=17980]
  0x000001345c4ec800 ConcurrentGCThread "G1 Refine#0" [stack: 0x000000016e700000,0x000000016e800000] [id=12248]
  0x000001345c4ed000 ConcurrentGCThread "G1 Young RemSet Sampling" [stack: 0x000000016e800000,0x000000016e900000] [id=9168]

Threads with active compile tasks:
C2 CompilerThread0   1631  914       4       org.aspectj.apache.bcel.classfile.Attribute::readAttribute (568 bytes)
C2 CompilerThread1   1631 1080       4       java.io.DataInputStream::readFully (63 bytes)

VM state:not at safepoint (normal execution)

VM Mutex/Monitor currently owned by a thread: None

Heap address: 0x0000000710a00000, size: 3830 MB, Compressed Oops mode: Zero based, Oop shift amount: 3
Narrow klass base: 0x0000000800000000, Narrow klass shift: 3
Compressed class space size: 1073741824 Address: 0x0000000840000000

Heap:
 garbage-first heap   total 245760K, used 20689K [0x0000000710a00000, 0x0000000800000000)
  region size 1024K, 20 young (20480K), 2 survivors (2048K)
 Metaspace       used 7203K, capacity 8888K, committed 9088K, reserved 1056768K
  class space    used 691K, capacity 858K, committed 896K, reserved 1048576K
Heap Regions: E=young(eden), S=young(survivor), O=old, HS=humongous(starts), HC=humongous(continues), CS=collection set, F=free, A=archive, TAMS=top-at-mark-start (previous, next)
|   0|0x0000000710a00000, 0x0000000710b00000, 0x0000000710b00000|100%| O|  |TAMS 0x0000000710a00000, 0x0000000710a00000| Untracked 
|   1|0x0000000710b00000, 0x0000000710b34600, 0x0000000710c00000| 20%| O|  |TAMS 0x0000000710b00000, 0x0000000710b00000| Untracked 
|   2|0x0000000710c00000, 0x0000000710c00000, 0x0000000710d00000|  0%| F|  |TAMS 0x0000000710c00000, 0x0000000710c00000| Untracked 
|   3|0x0000000710d00000, 0x0000000710d00000, 0x0000000710e00000|  0%| F|  |TAMS 0x0000000710d00000, 0x0000000710d00000| Untracked 
|   4|0x0000000710e00000, 0x0000000710e00000, 0x0000000710f00000|  0%| F|  |TAMS 0x0000000710e00000, 0x0000000710e00000| Untracked 
|   5|0x0000000710f00000, 0x0000000710f00000, 0x0000000711000000|  0%| F|  |TAMS 0x0000000710f00000, 0x0000000710f00000| Untracked 
|   6|0x0000000711000000, 0x0000000711000000, 0x0000000711100000|  0%| F|  |TAMS 0x0000000711000000, 0x0000000711000000| Untracked 
|   7|0x0000000711100000, 0x0000000711100000, 0x0000000711200000|  0%| F|  |TAMS 0x0000000711100000, 0x0000000711100000| Untracked 
|   8|0x0000000711200000, 0x0000000711200000, 0x0000000711300000|  0%| F|  |TAMS 0x0000000711200000, 0x0000000711200000| Untracked 
|   9|0x0000000711300000, 0x0000000711300000, 0x0000000711400000|  0%| F|  |TAMS 0x0000000711300000, 0x0000000711300000| Untracked 
|  10|0x0000000711400000, 0x0000000711400000, 0x0000000711500000|  0%| F|  |TAMS 0x0000000711400000, 0x0000000711400000| Untracked 
|  11|0x0000000711500000, 0x0000000711500000, 0x0000000711600000|  0%| F|  |TAMS 0x0000000711500000, 0x0000000711500000| Untracked 
|  12|0x0000000711600000, 0x0000000711600000, 0x0000000711700000|  0%| F|  |TAMS 0x0000000711600000, 0x0000000711600000| Untracked 
|  13|0x0000000711700000, 0x0000000711700000, 0x0000000711800000|  0%| F|  |TAMS 0x0000000711700000, 0x0000000711700000| Untracked 
|  14|0x0000000711800000, 0x0000000711800000, 0x0000000711900000|  0%| F|  |TAMS 0x0000000711800000, 0x0000000711800000| Untracked 
|  15|0x0000000711900000, 0x0000000711900000, 0x0000000711a00000|  0%| F|  |TAMS 0x0000000711900000, 0x0000000711900000| Untracked 
|  16|0x0000000711a00000, 0x0000000711a00000, 0x0000000711b00000|  0%| F|  |TAMS 0x0000000711a00000, 0x0000000711a00000| Untracked 
|  17|0x0000000711b00000, 0x0000000711b00000, 0x0000000711c00000|  0%| F|  |TAMS 0x0000000711b00000, 0x0000000711b00000| Untracked 
|  18|0x0000000711c00000, 0x0000000711c00000, 0x0000000711d00000|  0%| F|  |TAMS 0x0000000711c00000, 0x0000000711c00000| Untracked 
|  19|0x0000000711d00000, 0x0000000711d00000, 0x0000000711e00000|  0%| F|  |TAMS 0x0000000711d00000, 0x0000000711d00000| Untracked 
|  20|0x0000000711e00000, 0x0000000711e00000, 0x0000000711f00000|  0%| F|  |TAMS 0x0000000711e00000, 0x0000000711e00000| Untracked 
|  21|0x0000000711f00000, 0x0000000711f00000, 0x0000000712000000|  0%| F|  |TAMS 0x0000000711f00000, 0x0000000711f00000| Untracked 
|  22|0x0000000712000000, 0x0000000712000000, 0x0000000712100000|  0%| F|  |TAMS 0x0000000712000000, 0x0000000712000000| Untracked 
|  23|0x0000000712100000, 0x0000000712100000, 0x0000000712200000|  0%| F|  |TAMS 0x0000000712100000, 0x0000000712100000| Untracked 
|  24|0x0000000712200000, 0x0000000712200000, 0x0000000712300000|  0%| F|  |TAMS 0x0000000712200000, 0x0000000712200000| Untracked 
|  25|0x0000000712300000, 0x0000000712300000, 0x0000000712400000|  0%| F|  |TAMS 0x0000000712300000, 0x0000000712300000| Untracked 
|  26|0x0000000712400000, 0x0000000712400000, 0x0000000712500000|  0%| F|  |TAMS 0x0000000712400000, 0x0000000712400000| Untracked 
|  27|0x0000000712500000, 0x0000000712500000, 0x0000000712600000|  0%| F|  |TAMS 0x0000000712500000, 0x0000000712500000| Untracked 
|  28|0x0000000712600000, 0x0000000712600000, 0x0000000712700000|  0%| F|  |TAMS 0x0000000712600000, 0x0000000712600000| Untracked 
|  29|0x0000000712700000, 0x0000000712700000, 0x0000000712800000|  0%| F|  |TAMS 0x0000000712700000, 0x0000000712700000| Untracked 
|  30|0x0000000712800000, 0x0000000712800000, 0x0000000712900000|  0%| F|  |TAMS 0x0000000712800000, 0x0000000712800000| Untracked 
|  31|0x0000000712900000, 0x0000000712900000, 0x0000000712a00000|  0%| F|  |TAMS 0x0000000712900000, 0x0000000712900000| Untracked 
|  32|0x0000000712a00000, 0x0000000712a00000, 0x0000000712b00000|  0%| F|  |TAMS 0x0000000712a00000, 0x0000000712a00000| Untracked 
|  33|0x0000000712b00000, 0x0000000712b00000, 0x0000000712c00000|  0%| F|  |TAMS 0x0000000712b00000, 0x0000000712b00000| Untracked 
|  34|0x0000000712c00000, 0x0000000712c00000, 0x0000000712d00000|  0%| F|  |TAMS 0x0000000712c00000, 0x0000000712c00000| Untracked 
|  35|0x0000000712d00000, 0x0000000712d00000, 0x0000000712e00000|  0%| F|  |TAMS 0x0000000712d00000, 0x0000000712d00000| Untracked 
|  36|0x0000000712e00000, 0x0000000712e00000, 0x0000000712f00000|  0%| F|  |TAMS 0x0000000712e00000, 0x0000000712e00000| Untracked 
|  37|0x0000000712f00000, 0x0000000712f00000, 0x0000000713000000|  0%| F|  |TAMS 0x0000000712f00000, 0x0000000712f00000| Untracked 
|  38|0x0000000713000000, 0x0000000713000000, 0x0000000713100000|  0%| F|  |TAMS 0x0000000713000000, 0x0000000713000000| Untracked 
|  39|0x0000000713100000, 0x0000000713100000, 0x0000000713200000|  0%| F|  |TAMS 0x0000000713100000, 0x0000000713100000| Untracked 
|  40|0x0000000713200000, 0x0000000713200000, 0x0000000713300000|  0%| F|  |TAMS 0x0000000713200000, 0x0000000713200000| Untracked 
|  41|0x0000000713300000, 0x0000000713300000, 0x0000000713400000|  0%| F|  |TAMS 0x0000000713300000, 0x0000000713300000| Untracked 
|  42|0x0000000713400000, 0x0000000713400000, 0x0000000713500000|  0%| F|  |TAMS 0x0000000713400000, 0x0000000713400000| Untracked 
|  43|0x0000000713500000, 0x0000000713500000, 0x0000000713600000|  0%| F|  |TAMS 0x0000000713500000, 0x0000000713500000| Untracked 
|  44|0x0000000713600000, 0x0000000713600000, 0x0000000713700000|  0%| F|  |TAMS 0x0000000713600000, 0x0000000713600000| Untracked 
|  45|0x0000000713700000, 0x0000000713700000, 0x0000000713800000|  0%| F|  |TAMS 0x0000000713700000, 0x0000000713700000| Untracked 
|  46|0x0000000713800000, 0x0000000713800000, 0x0000000713900000|  0%| F|  |TAMS 0x0000000713800000, 0x0000000713800000| Untracked 
|  47|0x0000000713900000, 0x0000000713900000, 0x0000000713a00000|  0%| F|  |TAMS 0x0000000713900000, 0x0000000713900000| Untracked 
|  48|0x0000000713a00000, 0x0000000713a00000, 0x0000000713b00000|  0%| F|  |TAMS 0x0000000713a00000, 0x0000000713a00000| Untracked 
|  49|0x0000000713b00000, 0x0000000713b00000, 0x0000000713c00000|  0%| F|  |TAMS 0x0000000713b00000, 0x0000000713b00000| Untracked 
|  50|0x0000000713c00000, 0x0000000713c00000, 0x0000000713d00000|  0%| F|  |TAMS 0x0000000713c00000, 0x0000000713c00000| Untracked 
|  51|0x0000000713d00000, 0x0000000713d00000, 0x0000000713e00000|  0%| F|  |TAMS 0x0000000713d00000, 0x0000000713d00000| Untracked 
|  52|0x0000000713e00000, 0x0000000713e00000, 0x0000000713f00000|  0%| F|  |TAMS 0x0000000713e00000, 0x0000000713e00000| Untracked 
|  53|0x0000000713f00000, 0x0000000713f00000, 0x0000000714000000|  0%| F|  |TAMS 0x0000000713f00000, 0x0000000713f00000| Untracked 
|  54|0x0000000714000000, 0x0000000714000000, 0x0000000714100000|  0%| F|  |TAMS 0x0000000714000000, 0x0000000714000000| Untracked 
|  55|0x0000000714100000, 0x0000000714100000, 0x0000000714200000|  0%| F|  |TAMS 0x0000000714100000, 0x0000000714100000| Untracked 
|  56|0x0000000714200000, 0x0000000714200000, 0x0000000714300000|  0%| F|  |TAMS 0x0000000714200000, 0x0000000714200000| Untracked 
|  57|0x0000000714300000, 0x0000000714300000, 0x0000000714400000|  0%| F|  |TAMS 0x0000000714300000, 0x0000000714300000| Untracked 
|  58|0x0000000714400000, 0x0000000714400000, 0x0000000714500000|  0%| F|  |TAMS 0x0000000714400000, 0x0000000714400000| Untracked 
|  59|0x0000000714500000, 0x0000000714500000, 0x0000000714600000|  0%| F|  |TAMS 0x0000000714500000, 0x0000000714500000| Untracked 
|  60|0x0000000714600000, 0x0000000714600000, 0x0000000714700000|  0%| F|  |TAMS 0x0000000714600000, 0x0000000714600000| Untracked 
|  61|0x0000000714700000, 0x0000000714700000, 0x0000000714800000|  0%| F|  |TAMS 0x0000000714700000, 0x0000000714700000| Untracked 
|  62|0x0000000714800000, 0x0000000714800000, 0x0000000714900000|  0%| F|  |TAMS 0x0000000714800000, 0x0000000714800000| Untracked 
|  63|0x0000000714900000, 0x0000000714900000, 0x0000000714a00000|  0%| F|  |TAMS 0x0000000714900000, 0x0000000714900000| Untracked 
|  64|0x0000000714a00000, 0x0000000714a00000, 0x0000000714b00000|  0%| F|  |TAMS 0x0000000714a00000, 0x0000000714a00000| Untracked 
|  65|0x0000000714b00000, 0x0000000714b00000, 0x0000000714c00000|  0%| F|  |TAMS 0x0000000714b00000, 0x0000000714b00000| Untracked 
|  66|0x0000000714c00000, 0x0000000714c00000, 0x0000000714d00000|  0%| F|  |TAMS 0x0000000714c00000, 0x0000000714c00000| Untracked 
|  67|0x0000000714d00000, 0x0000000714d00000, 0x0000000714e00000|  0%| F|  |TAMS 0x0000000714d00000, 0x0000000714d00000| Untracked 
|  68|0x0000000714e00000, 0x0000000714e00000, 0x0000000714f00000|  0%| F|  |TAMS 0x0000000714e00000, 0x0000000714e00000| Untracked 
|  69|0x0000000714f00000, 0x0000000714f00000, 0x0000000715000000|  0%| F|  |TAMS 0x0000000714f00000, 0x0000000714f00000| Untracked 
|  70|0x0000000715000000, 0x0000000715000000, 0x0000000715100000|  0%| F|  |TAMS 0x0000000715000000, 0x0000000715000000| Untracked 
|  71|0x0000000715100000, 0x0000000715100000, 0x0000000715200000|  0%| F|  |TAMS 0x0000000715100000, 0x0000000715100000| Untracked 
|  72|0x0000000715200000, 0x0000000715200000, 0x0000000715300000|  0%| F|  |TAMS 0x0000000715200000, 0x0000000715200000| Untracked 
|  73|0x0000000715300000, 0x0000000715300000, 0x0000000715400000|  0%| F|  |TAMS 0x0000000715300000, 0x0000000715300000| Untracked 
|  74|0x0000000715400000, 0x0000000715400000, 0x0000000715500000|  0%| F|  |TAMS 0x0000000715400000, 0x0000000715400000| Untracked 
|  75|0x0000000715500000, 0x0000000715500000, 0x0000000715600000|  0%| F|  |TAMS 0x0000000715500000, 0x0000000715500000| Untracked 
|  76|0x0000000715600000, 0x0000000715600000, 0x0000000715700000|  0%| F|  |TAMS 0x0000000715600000, 0x0000000715600000| Untracked 
|  77|0x0000000715700000, 0x0000000715700000, 0x0000000715800000|  0%| F|  |TAMS 0x0000000715700000, 0x0000000715700000| Untracked 
|  78|0x0000000715800000, 0x0000000715800000, 0x0000000715900000|  0%| F|  |TAMS 0x0000000715800000, 0x0000000715800000| Untracked 
|  79|0x0000000715900000, 0x0000000715900000, 0x0000000715a00000|  0%| F|  |TAMS 0x0000000715900000, 0x0000000715900000| Untracked 
|  80|0x0000000715a00000, 0x0000000715a00000, 0x0000000715b00000|  0%| F|  |TAMS 0x0000000715a00000, 0x0000000715a00000| Untracked 
|  81|0x0000000715b00000, 0x0000000715b00000, 0x0000000715c00000|  0%| F|  |TAMS 0x0000000715b00000, 0x0000000715b00000| Untracked 
|  82|0x0000000715c00000, 0x0000000715c00000, 0x0000000715d00000|  0%| F|  |TAMS 0x0000000715c00000, 0x0000000715c00000| Untracked 
|  83|0x0000000715d00000, 0x0000000715d00000, 0x0000000715e00000|  0%| F|  |TAMS 0x0000000715d00000, 0x0000000715d00000| Untracked 
|  84|0x0000000715e00000, 0x0000000715e00000, 0x0000000715f00000|  0%| F|  |TAMS 0x0000000715e00000, 0x0000000715e00000| Untracked 
|  85|0x0000000715f00000, 0x0000000715f00000, 0x0000000716000000|  0%| F|  |TAMS 0x0000000715f00000, 0x0000000715f00000| Untracked 
|  86|0x0000000716000000, 0x0000000716000000, 0x0000000716100000|  0%| F|  |TAMS 0x0000000716000000, 0x0000000716000000| Untracked 
|  87|0x0000000716100000, 0x0000000716100000, 0x0000000716200000|  0%| F|  |TAMS 0x0000000716100000, 0x0000000716100000| Untracked 
|  88|0x0000000716200000, 0x0000000716200000, 0x0000000716300000|  0%| F|  |TAMS 0x0000000716200000, 0x0000000716200000| Untracked 
|  89|0x0000000716300000, 0x0000000716300000, 0x0000000716400000|  0%| F|  |TAMS 0x0000000716300000, 0x0000000716300000| Untracked 
|  90|0x0000000716400000, 0x0000000716400000, 0x0000000716500000|  0%| F|  |TAMS 0x0000000716400000, 0x0000000716400000| Untracked 
|  91|0x0000000716500000, 0x0000000716500000, 0x0000000716600000|  0%| F|  |TAMS 0x0000000716500000, 0x0000000716500000| Untracked 
|  92|0x0000000716600000, 0x0000000716600000, 0x0000000716700000|  0%| F|  |TAMS 0x0000000716600000, 0x0000000716600000| Untracked 
|  93|0x0000000716700000, 0x0000000716700000, 0x0000000716800000|  0%| F|  |TAMS 0x0000000716700000, 0x0000000716700000| Untracked 
|  94|0x0000000716800000, 0x0000000716800000, 0x0000000716900000|  0%| F|  |TAMS 0x0000000716800000, 0x0000000716800000| Untracked 
|  95|0x0000000716900000, 0x0000000716900000, 0x0000000716a00000|  0%| F|  |TAMS 0x0000000716900000, 0x0000000716900000| Untracked 
|  96|0x0000000716a00000, 0x0000000716a00000, 0x0000000716b00000|  0%| F|  |TAMS 0x0000000716a00000, 0x0000000716a00000| Untracked 
|  97|0x0000000716b00000, 0x0000000716b00000, 0x0000000716c00000|  0%| F|  |TAMS 0x0000000716b00000, 0x0000000716b00000| Untracked 
|  98|0x0000000716c00000, 0x0000000716c00000, 0x0000000716d00000|  0%| F|  |TAMS 0x0000000716c00000, 0x0000000716c00000| Untracked 
|  99|0x0000000716d00000, 0x0000000716d00000, 0x0000000716e00000|  0%| F|  |TAMS 0x0000000716d00000, 0x0000000716d00000| Untracked 
| 100|0x0000000716e00000, 0x0000000716e00000, 0x0000000716f00000|  0%| F|  |TAMS 0x0000000716e00000, 0x0000000716e00000| Untracked 
| 101|0x0000000716f00000, 0x0000000716f00000, 0x0000000717000000|  0%| F|  |TAMS 0x0000000716f00000, 0x0000000716f00000| Untracked 
| 102|0x0000000717000000, 0x0000000717000000, 0x0000000717100000|  0%| F|  |TAMS 0x0000000717000000, 0x0000000717000000| Untracked 
| 103|0x0000000717100000, 0x0000000717100000, 0x0000000717200000|  0%| F|  |TAMS 0x0000000717100000, 0x0000000717100000| Untracked 
| 104|0x0000000717200000, 0x0000000717200000, 0x0000000717300000|  0%| F|  |TAMS 0x0000000717200000, 0x0000000717200000| Untracked 
| 105|0x0000000717300000, 0x0000000717300000, 0x0000000717400000|  0%| F|  |TAMS 0x0000000717300000, 0x0000000717300000| Untracked 
| 106|0x0000000717400000, 0x0000000717400000, 0x0000000717500000|  0%| F|  |TAMS 0x0000000717400000, 0x0000000717400000| Untracked 
| 107|0x0000000717500000, 0x0000000717500000, 0x0000000717600000|  0%| F|  |TAMS 0x0000000717500000, 0x0000000717500000| Untracked 
| 108|0x0000000717600000, 0x0000000717600000, 0x0000000717700000|  0%| F|  |TAMS 0x0000000717600000, 0x0000000717600000| Untracked 
| 109|0x0000000717700000, 0x0000000717700000, 0x0000000717800000|  0%| F|  |TAMS 0x0000000717700000, 0x0000000717700000| Untracked 
| 110|0x0000000717800000, 0x0000000717800000, 0x0000000717900000|  0%| F|  |TAMS 0x0000000717800000, 0x0000000717800000| Untracked 
| 111|0x0000000717900000, 0x0000000717900000, 0x0000000717a00000|  0%| F|  |TAMS 0x0000000717900000, 0x0000000717900000| Untracked 
| 112|0x0000000717a00000, 0x0000000717a00000, 0x0000000717b00000|  0%| F|  |TAMS 0x0000000717a00000, 0x0000000717a00000| Untracked 
| 113|0x0000000717b00000, 0x0000000717b00000, 0x0000000717c00000|  0%| F|  |TAMS 0x0000000717b00000, 0x0000000717b00000| Untracked 
| 114|0x0000000717c00000, 0x0000000717c00000, 0x0000000717d00000|  0%| F|  |TAMS 0x0000000717c00000, 0x0000000717c00000| Untracked 
| 115|0x0000000717d00000, 0x0000000717d00000, 0x0000000717e00000|  0%| F|  |TAMS 0x0000000717d00000, 0x0000000717d00000| Untracked 
| 116|0x0000000717e00000, 0x0000000717e00000, 0x0000000717f00000|  0%| F|  |TAMS 0x0000000717e00000, 0x0000000717e00000| Untracked 
| 117|0x0000000717f00000, 0x0000000717f00000, 0x0000000718000000|  0%| F|  |TAMS 0x0000000717f00000, 0x0000000717f00000| Untracked 
| 118|0x0000000718000000, 0x0000000718000000, 0x0000000718100000|  0%| F|  |TAMS 0x0000000718000000, 0x0000000718000000| Untracked 
| 119|0x0000000718100000, 0x0000000718100000, 0x0000000718200000|  0%| F|  |TAMS 0x0000000718100000, 0x0000000718100000| Untracked 
| 120|0x0000000718200000, 0x0000000718200000, 0x0000000718300000|  0%| F|  |TAMS 0x0000000718200000, 0x0000000718200000| Untracked 
| 121|0x0000000718300000, 0x0000000718300000, 0x0000000718400000|  0%| F|  |TAMS 0x0000000718300000, 0x0000000718300000| Untracked 
| 122|0x0000000718400000, 0x0000000718400000, 0x0000000718500000|  0%| F|  |TAMS 0x0000000718400000, 0x0000000718400000| Untracked 
| 123|0x0000000718500000, 0x0000000718500000, 0x0000000718600000|  0%| F|  |TAMS 0x0000000718500000, 0x0000000718500000| Untracked 
| 124|0x0000000718600000, 0x0000000718600000, 0x0000000718700000|  0%| F|  |TAMS 0x0000000718600000, 0x0000000718600000| Untracked 
| 125|0x0000000718700000, 0x0000000718700000, 0x0000000718800000|  0%| F|  |TAMS 0x0000000718700000, 0x0000000718700000| Untracked 
| 126|0x0000000718800000, 0x0000000718800000, 0x0000000718900000|  0%| F|  |TAMS 0x0000000718800000, 0x0000000718800000| Untracked 
| 127|0x0000000718900000, 0x0000000718900000, 0x0000000718a00000|  0%| F|  |TAMS 0x0000000718900000, 0x0000000718900000| Untracked 
| 128|0x0000000718a00000, 0x0000000718a00000, 0x0000000718b00000|  0%| F|  |TAMS 0x0000000718a00000, 0x0000000718a00000| Untracked 
| 129|0x0000000718b00000, 0x0000000718b00000, 0x0000000718c00000|  0%| F|  |TAMS 0x0000000718b00000, 0x0000000718b00000| Untracked 
| 130|0x0000000718c00000, 0x0000000718c00000, 0x0000000718d00000|  0%| F|  |TAMS 0x0000000718c00000, 0x0000000718c00000| Untracked 
| 131|0x0000000718d00000, 0x0000000718d00000, 0x0000000718e00000|  0%| F|  |TAMS 0x0000000718d00000, 0x0000000718d00000| Untracked 
| 132|0x0000000718e00000, 0x0000000718e00000, 0x0000000718f00000|  0%| F|  |TAMS 0x0000000718e00000, 0x0000000718e00000| Untracked 
| 133|0x0000000718f00000, 0x0000000718f00000, 0x0000000719000000|  0%| F|  |TAMS 0x0000000718f00000, 0x0000000718f00000| Untracked 
| 134|0x0000000719000000, 0x0000000719000000, 0x0000000719100000|  0%| F|  |TAMS 0x0000000719000000, 0x0000000719000000| Untracked 
| 135|0x0000000719100000, 0x0000000719100000, 0x0000000719200000|  0%| F|  |TAMS 0x0000000719100000, 0x0000000719100000| Untracked 
| 136|0x0000000719200000, 0x0000000719200000, 0x0000000719300000|  0%| F|  |TAMS 0x0000000719200000, 0x0000000719200000| Untracked 
| 137|0x0000000719300000, 0x0000000719300000, 0x0000000719400000|  0%| F|  |TAMS 0x0000000719300000, 0x0000000719300000| Untracked 
| 138|0x0000000719400000, 0x0000000719400000, 0x0000000719500000|  0%| F|  |TAMS 0x0000000719400000, 0x0000000719400000| Untracked 
| 139|0x0000000719500000, 0x0000000719500000, 0x0000000719600000|  0%| F|  |TAMS 0x0000000719500000, 0x0000000719500000| Untracked 
| 140|0x0000000719600000, 0x0000000719600000, 0x0000000719700000|  0%| F|  |TAMS 0x0000000719600000, 0x0000000719600000| Untracked 
| 141|0x0000000719700000, 0x0000000719700000, 0x0000000719800000|  0%| F|  |TAMS 0x0000000719700000, 0x0000000719700000| Untracked 
| 142|0x0000000719800000, 0x0000000719800000, 0x0000000719900000|  0%| F|  |TAMS 0x0000000719800000, 0x0000000719800000| Untracked 
| 143|0x0000000719900000, 0x0000000719900000, 0x0000000719a00000|  0%| F|  |TAMS 0x0000000719900000, 0x0000000719900000| Untracked 
| 144|0x0000000719a00000, 0x0000000719a00000, 0x0000000719b00000|  0%| F|  |TAMS 0x0000000719a00000, 0x0000000719a00000| Untracked 
| 145|0x0000000719b00000, 0x0000000719b00000, 0x0000000719c00000|  0%| F|  |TAMS 0x0000000719b00000, 0x0000000719b00000| Untracked 
| 146|0x0000000719c00000, 0x0000000719c00000, 0x0000000719d00000|  0%| F|  |TAMS 0x0000000719c00000, 0x0000000719c00000| Untracked 
| 147|0x0000000719d00000, 0x0000000719d00000, 0x0000000719e00000|  0%| F|  |TAMS 0x0000000719d00000, 0x0000000719d00000| Untracked 
| 148|0x0000000719e00000, 0x0000000719e00000, 0x0000000719f00000|  0%| F|  |TAMS 0x0000000719e00000, 0x0000000719e00000| Untracked 
| 149|0x0000000719f00000, 0x0000000719f00000, 0x000000071a000000|  0%| F|  |TAMS 0x0000000719f00000, 0x0000000719f00000| Untracked 
| 150|0x000000071a000000, 0x000000071a000000, 0x000000071a100000|  0%| F|  |TAMS 0x000000071a000000, 0x000000071a000000| Untracked 
| 151|0x000000071a100000, 0x000000071a100000, 0x000000071a200000|  0%| F|  |TAMS 0x000000071a100000, 0x000000071a100000| Untracked 
| 152|0x000000071a200000, 0x000000071a200000, 0x000000071a300000|  0%| F|  |TAMS 0x000000071a200000, 0x000000071a200000| Untracked 
| 153|0x000000071a300000, 0x000000071a300000, 0x000000071a400000|  0%| F|  |TAMS 0x000000071a300000, 0x000000071a300000| Untracked 
| 154|0x000000071a400000, 0x000000071a400000, 0x000000071a500000|  0%| F|  |TAMS 0x000000071a400000, 0x000000071a400000| Untracked 
| 155|0x000000071a500000, 0x000000071a500000, 0x000000071a600000|  0%| F|  |TAMS 0x000000071a500000, 0x000000071a500000| Untracked 
| 156|0x000000071a600000, 0x000000071a600000, 0x000000071a700000|  0%| F|  |TAMS 0x000000071a600000, 0x000000071a600000| Untracked 
| 157|0x000000071a700000, 0x000000071a700000, 0x000000071a800000|  0%| F|  |TAMS 0x000000071a700000, 0x000000071a700000| Untracked 
| 158|0x000000071a800000, 0x000000071a800000, 0x000000071a900000|  0%| F|  |TAMS 0x000000071a800000, 0x000000071a800000| Untracked 
| 159|0x000000071a900000, 0x000000071a900000, 0x000000071aa00000|  0%| F|  |TAMS 0x000000071a900000, 0x000000071a900000| Untracked 
| 160|0x000000071aa00000, 0x000000071aa00000, 0x000000071ab00000|  0%| F|  |TAMS 0x000000071aa00000, 0x000000071aa00000| Untracked 
| 161|0x000000071ab00000, 0x000000071ab00000, 0x000000071ac00000|  0%| F|  |TAMS 0x000000071ab00000, 0x000000071ab00000| Untracked 
| 162|0x000000071ac00000, 0x000000071ac00000, 0x000000071ad00000|  0%| F|  |TAMS 0x000000071ac00000, 0x000000071ac00000| Untracked 
| 163|0x000000071ad00000, 0x000000071ad00000, 0x000000071ae00000|  0%| F|  |TAMS 0x000000071ad00000, 0x000000071ad00000| Untracked 
| 164|0x000000071ae00000, 0x000000071ae00000, 0x000000071af00000|  0%| F|  |TAMS 0x000000071ae00000, 0x000000071ae00000| Untracked 
| 165|0x000000071af00000, 0x000000071af00000, 0x000000071b000000|  0%| F|  |TAMS 0x000000071af00000, 0x000000071af00000| Untracked 
| 166|0x000000071b000000, 0x000000071b000000, 0x000000071b100000|  0%| F|  |TAMS 0x000000071b000000, 0x000000071b000000| Untracked 
| 167|0x000000071b100000, 0x000000071b100000, 0x000000071b200000|  0%| F|  |TAMS 0x000000071b100000, 0x000000071b100000| Untracked 
| 168|0x000000071b200000, 0x000000071b200000, 0x000000071b300000|  0%| F|  |TAMS 0x000000071b200000, 0x000000071b200000| Untracked 
| 169|0x000000071b300000, 0x000000071b300000, 0x000000071b400000|  0%| F|  |TAMS 0x000000071b300000, 0x000000071b300000| Untracked 
| 170|0x000000071b400000, 0x000000071b400000, 0x000000071b500000|  0%| F|  |TAMS 0x000000071b400000, 0x000000071b400000| Untracked 
| 171|0x000000071b500000, 0x000000071b500000, 0x000000071b600000|  0%| F|  |TAMS 0x000000071b500000, 0x000000071b500000| Untracked 
| 172|0x000000071b600000, 0x000000071b600000, 0x000000071b700000|  0%| F|  |TAMS 0x000000071b600000, 0x000000071b600000| Untracked 
| 173|0x000000071b700000, 0x000000071b700000, 0x000000071b800000|  0%| F|  |TAMS 0x000000071b700000, 0x000000071b700000| Untracked 
| 174|0x000000071b800000, 0x000000071b800000, 0x000000071b900000|  0%| F|  |TAMS 0x000000071b800000, 0x000000071b800000| Untracked 
| 175|0x000000071b900000, 0x000000071b900000, 0x000000071ba00000|  0%| F|  |TAMS 0x000000071b900000, 0x000000071b900000| Untracked 
| 176|0x000000071ba00000, 0x000000071ba00000, 0x000000071bb00000|  0%| F|  |TAMS 0x000000071ba00000, 0x000000071ba00000| Untracked 
| 177|0x000000071bb00000, 0x000000071bb00000, 0x000000071bc00000|  0%| F|  |TAMS 0x000000071bb00000, 0x000000071bb00000| Untracked 
| 178|0x000000071bc00000, 0x000000071bc00000, 0x000000071bd00000|  0%| F|  |TAMS 0x000000071bc00000, 0x000000071bc00000| Untracked 
| 179|0x000000071bd00000, 0x000000071bd00000, 0x000000071be00000|  0%| F|  |TAMS 0x000000071bd00000, 0x000000071bd00000| Untracked 
| 180|0x000000071be00000, 0x000000071be00000, 0x000000071bf00000|  0%| F|  |TAMS 0x000000071be00000, 0x000000071be00000| Untracked 
| 181|0x000000071bf00000, 0x000000071bf00000, 0x000000071c000000|  0%| F|  |TAMS 0x000000071bf00000, 0x000000071bf00000| Untracked 
| 182|0x000000071c000000, 0x000000071c000000, 0x000000071c100000|  0%| F|  |TAMS 0x000000071c000000, 0x000000071c000000| Untracked 
| 183|0x000000071c100000, 0x000000071c100000, 0x000000071c200000|  0%| F|  |TAMS 0x000000071c100000, 0x000000071c100000| Untracked 
| 184|0x000000071c200000, 0x000000071c200000, 0x000000071c300000|  0%| F|  |TAMS 0x000000071c200000, 0x000000071c200000| Untracked 
| 185|0x000000071c300000, 0x000000071c300000, 0x000000071c400000|  0%| F|  |TAMS 0x000000071c300000, 0x000000071c300000| Untracked 
| 186|0x000000071c400000, 0x000000071c400000, 0x000000071c500000|  0%| F|  |TAMS 0x000000071c400000, 0x000000071c400000| Untracked 
| 187|0x000000071c500000, 0x000000071c500000, 0x000000071c600000|  0%| F|  |TAMS 0x000000071c500000, 0x000000071c500000| Untracked 
| 188|0x000000071c600000, 0x000000071c600000, 0x000000071c700000|  0%| F|  |TAMS 0x000000071c600000, 0x000000071c600000| Untracked 
| 189|0x000000071c700000, 0x000000071c700000, 0x000000071c800000|  0%| F|  |TAMS 0x000000071c700000, 0x000000071c700000| Untracked 
| 190|0x000000071c800000, 0x000000071c800000, 0x000000071c900000|  0%| F|  |TAMS 0x000000071c800000, 0x000000071c800000| Untracked 
| 191|0x000000071c900000, 0x000000071c900000, 0x000000071ca00000|  0%| F|  |TAMS 0x000000071c900000, 0x000000071c900000| Untracked 
| 192|0x000000071ca00000, 0x000000071ca00000, 0x000000071cb00000|  0%| F|  |TAMS 0x000000071ca00000, 0x000000071ca00000| Untracked 
| 193|0x000000071cb00000, 0x000000071cb00000, 0x000000071cc00000|  0%| F|  |TAMS 0x000000071cb00000, 0x000000071cb00000| Untracked 
| 194|0x000000071cc00000, 0x000000071cc00000, 0x000000071cd00000|  0%| F|  |TAMS 0x000000071cc00000, 0x000000071cc00000| Untracked 
| 195|0x000000071cd00000, 0x000000071cd00000, 0x000000071ce00000|  0%| F|  |TAMS 0x000000071cd00000, 0x000000071cd00000| Untracked 
| 196|0x000000071ce00000, 0x000000071ce00000, 0x000000071cf00000|  0%| F|  |TAMS 0x000000071ce00000, 0x000000071ce00000| Untracked 
| 197|0x000000071cf00000, 0x000000071cf00000, 0x000000071d000000|  0%| F|  |TAMS 0x000000071cf00000, 0x000000071cf00000| Untracked 
| 198|0x000000071d000000, 0x000000071d000000, 0x000000071d100000|  0%| F|  |TAMS 0x000000071d000000, 0x000000071d000000| Untracked 
| 199|0x000000071d100000, 0x000000071d100000, 0x000000071d200000|  0%| F|  |TAMS 0x000000071d100000, 0x000000071d100000| Untracked 
| 200|0x000000071d200000, 0x000000071d200000, 0x000000071d300000|  0%| F|  |TAMS 0x000000071d200000, 0x000000071d200000| Untracked 
| 201|0x000000071d300000, 0x000000071d300000, 0x000000071d400000|  0%| F|  |TAMS 0x000000071d300000, 0x000000071d300000| Untracked 
| 202|0x000000071d400000, 0x000000071d400000, 0x000000071d500000|  0%| F|  |TAMS 0x000000071d400000, 0x000000071d400000| Untracked 
| 203|0x000000071d500000, 0x000000071d500000, 0x000000071d600000|  0%| F|  |TAMS 0x000000071d500000, 0x000000071d500000| Untracked 
| 204|0x000000071d600000, 0x000000071d600000, 0x000000071d700000|  0%| F|  |TAMS 0x000000071d600000, 0x000000071d600000| Untracked 
| 205|0x000000071d700000, 0x000000071d700000, 0x000000071d800000|  0%| F|  |TAMS 0x000000071d700000, 0x000000071d700000| Untracked 
| 206|0x000000071d800000, 0x000000071d800000, 0x000000071d900000|  0%| F|  |TAMS 0x000000071d800000, 0x000000071d800000| Untracked 
| 207|0x000000071d900000, 0x000000071d900000, 0x000000071da00000|  0%| F|  |TAMS 0x000000071d900000, 0x000000071d900000| Untracked 
| 208|0x000000071da00000, 0x000000071da00000, 0x000000071db00000|  0%| F|  |TAMS 0x000000071da00000, 0x000000071da00000| Untracked 
| 209|0x000000071db00000, 0x000000071db00000, 0x000000071dc00000|  0%| F|  |TAMS 0x000000071db00000, 0x000000071db00000| Untracked 
| 210|0x000000071dc00000, 0x000000071dc00000, 0x000000071dd00000|  0%| F|  |TAMS 0x000000071dc00000, 0x000000071dc00000| Untracked 
| 211|0x000000071dd00000, 0x000000071dd00000, 0x000000071de00000|  0%| F|  |TAMS 0x000000071dd00000, 0x000000071dd00000| Untracked 
| 212|0x000000071de00000, 0x000000071de00000, 0x000000071df00000|  0%| F|  |TAMS 0x000000071de00000, 0x000000071de00000| Untracked 
| 213|0x000000071df00000, 0x000000071df00000, 0x000000071e000000|  0%| F|  |TAMS 0x000000071df00000, 0x000000071df00000| Untracked 
| 214|0x000000071e000000, 0x000000071e000000, 0x000000071e100000|  0%| F|  |TAMS 0x000000071e000000, 0x000000071e000000| Untracked 
| 215|0x000000071e100000, 0x000000071e100000, 0x000000071e200000|  0%| F|  |TAMS 0x000000071e100000, 0x000000071e100000| Untracked 
| 216|0x000000071e200000, 0x000000071e200000, 0x000000071e300000|  0%| F|  |TAMS 0x000000071e200000, 0x000000071e200000| Untracked 
| 217|0x000000071e300000, 0x000000071e300000, 0x000000071e400000|  0%| F|  |TAMS 0x000000071e300000, 0x000000071e300000| Untracked 
| 218|0x000000071e400000, 0x000000071e400000, 0x000000071e500000|  0%| F|  |TAMS 0x000000071e400000, 0x000000071e400000| Untracked 
| 219|0x000000071e500000, 0x000000071e500000, 0x000000071e600000|  0%| F|  |TAMS 0x000000071e500000, 0x000000071e500000| Untracked 
| 220|0x000000071e600000, 0x000000071e680800, 0x000000071e700000| 50%| E|  |TAMS 0x000000071e600000, 0x000000071e600000| Complete 
| 221|0x000000071e700000, 0x000000071e800000, 0x000000071e800000|100%| E|CS|TAMS 0x000000071e700000, 0x000000071e700000| Complete 
| 222|0x000000071e800000, 0x000000071e900000, 0x000000071e900000|100%| E|CS|TAMS 0x000000071e800000, 0x000000071e800000| Complete 
| 223|0x000000071e900000, 0x000000071ea00000, 0x000000071ea00000|100%| E|CS|TAMS 0x000000071e900000, 0x000000071e900000| Complete 
| 224|0x000000071ea00000, 0x000000071eb00000, 0x000000071eb00000|100%| S|CS|TAMS 0x000000071ea00000, 0x000000071ea00000| Complete 
| 225|0x000000071eb00000, 0x000000071ec00000, 0x000000071ec00000|100%| S|CS|TAMS 0x000000071eb00000, 0x000000071eb00000| Complete 
| 226|0x000000071ec00000, 0x000000071ed00000, 0x000000071ed00000|100%| E|CS|TAMS 0x000000071ec00000, 0x000000071ec00000| Complete 
| 227|0x000000071ed00000, 0x000000071ee00000, 0x000000071ee00000|100%| E|CS|TAMS 0x000000071ed00000, 0x000000071ed00000| Complete 
| 228|0x000000071ee00000, 0x000000071ef00000, 0x000000071ef00000|100%| E|CS|TAMS 0x000000071ee00000, 0x000000071ee00000| Complete 
| 229|0x000000071ef00000, 0x000000071f000000, 0x000000071f000000|100%| E|CS|TAMS 0x000000071ef00000, 0x000000071ef00000| Complete 
| 230|0x000000071f000000, 0x000000071f100000, 0x000000071f100000|100%| E|CS|TAMS 0x000000071f000000, 0x000000071f000000| Complete 
| 231|0x000000071f100000, 0x000000071f200000, 0x000000071f200000|100%| E|CS|TAMS 0x000000071f100000, 0x000000071f100000| Complete 
| 232|0x000000071f200000, 0x000000071f300000, 0x000000071f300000|100%| E|CS|TAMS 0x000000071f200000, 0x000000071f200000| Complete 
| 233|0x000000071f300000, 0x000000071f400000, 0x000000071f400000|100%| E|CS|TAMS 0x000000071f300000, 0x000000071f300000| Complete 
| 234|0x000000071f400000, 0x000000071f500000, 0x000000071f500000|100%| E|CS|TAMS 0x000000071f400000, 0x000000071f400000| Complete 
| 235|0x000000071f500000, 0x000000071f600000, 0x000000071f600000|100%| E|CS|TAMS 0x000000071f500000, 0x000000071f500000| Complete 
| 236|0x000000071f600000, 0x000000071f700000, 0x000000071f700000|100%| E|CS|TAMS 0x000000071f600000, 0x000000071f600000| Complete 
| 237|0x000000071f700000, 0x000000071f800000, 0x000000071f800000|100%| E|CS|TAMS 0x000000071f700000, 0x000000071f700000| Complete 
| 238|0x000000071f800000, 0x000000071f900000, 0x000000071f900000|100%| E|CS|TAMS 0x000000071f800000, 0x000000071f800000| Complete 
| 239|0x000000071f900000, 0x000000071fa00000, 0x000000071fa00000|100%| E|CS|TAMS 0x000000071f900000, 0x000000071f900000| Complete 

Card table byte_map: [0x0000013451a70000,0x00000134521f0000] _byte_map_base: 0x000001344e1eb000

Marking Bits (Prev, Next): (CMBitMap*) 0x000001343e281308, (CMBitMap*) 0x000001343e281340
 Prev Bits: [0x0000013452970000, 0x0000013456548000)
 Next Bits: [0x0000013456550000, 0x000001345a128000)

Polling page: 0x000001343da00000

Metaspace:

Usage:
  Non-class:      7.84 MB capacity,     6.36 MB ( 81%) used,     1.47 MB ( 19%) free+waste,    12.50 KB ( <1%) overhead. 
      Class:    858.00 KB capacity,   691.55 KB ( 81%) used,   160.33 KB ( 19%) free+waste,     6.13 KB ( <1%) overhead. 
       Both:      8.68 MB capacity,     7.03 MB ( 81%) used,     1.63 MB ( 19%) free+waste,    18.63 KB ( <1%) overhead. 

Virtual space:
  Non-class space:        8.00 MB reserved,       8.00 MB (100%) committed 
      Class space:        1.00 GB reserved,     896.00 KB ( <1%) committed 
             Both:        1.01 GB reserved,       8.88 MB ( <1%) committed 

Chunk freelists:
   Non-Class:  34.00 KB
       Class:  6.00 KB
        Both:  40.00 KB

MaxMetaspaceSize: 17179869184.00 GB
CompressedClassSpaceSize: 1.00 GB

CodeHeap 'non-profiled nmethods': size=120064Kb used=426Kb max_used=426Kb free=119637Kb
 bounds [0x0000013449db0000, 0x000001344a020000, 0x00000134512f0000]
CodeHeap 'profiled nmethods': size=120000Kb used=2137Kb max_used=2137Kb free=117862Kb
 bounds [0x0000013442880000, 0x0000013442af0000, 0x0000013449db0000]
CodeHeap 'non-nmethods': size=5696Kb used=1093Kb max_used=1111Kb free=4602Kb
 bounds [0x00000134422f0000, 0x0000013442560000, 0x0000013442880000]
 total_blobs=1993 nmethods=1082 adapters=304
 compilation: enabled
              stopped_count=0, restarted_count=0
 full_count=0

Compilation events (20 events):
Event: 1.584 Thread 0x000001345ce86800 nmethod 1025 0x0000013442a69110 code [0x0000013442a693a0, 0x0000013442a6a4d0]
Event: 1.584 Thread 0x000001345ce86800 1026       3       org.aspectj.weaver.bcel.AtAjAttributes::acceptAttribute (5 bytes)
Event: 1.584 Thread 0x000001345ce86800 nmethod 1026 0x0000013442a6a910 code [0x0000013442a6aac0, 0x0000013442a6ad18]
Event: 1.584 Thread 0x000001345ce86800 1028  s    3       java.lang.StringBuffer::toString (59 bytes)
Event: 1.585 Thread 0x000001345ce86800 nmethod 1028 0x0000013442a6ad90 code [0x0000013442a6afc0, 0x0000013442a6b960]
Event: 1.585 Thread 0x000001345ce86800 1027       3       org.aspectj.apache.bcel.generic.InstructionHandle::<init> (22 bytes)
Event: 1.585 Thread 0x000001345ce86800 nmethod 1027 0x0000013442a6bb90 code [0x0000013442a6bd60, 0x0000013442a6c0f0]
Event: 1.585 Thread 0x000001345ce86800 1029       3       org.aspectj.apache.bcel.generic.InstructionList::append (67 bytes)
Event: 1.585 Thread 0x000001345ce86800 nmethod 1029 0x0000013442a6c210 code [0x0000013442a6c400, 0x0000013442a6c958]
Event: 1.585 Thread 0x000001345ce86800 1031       3       org.aspectj.apache.bcel.generic.InstructionList::append (12 bytes)
Event: 1.586 Thread 0x000001345ce86800 nmethod 1031 0x0000013442a6cb10 code [0x0000013442a6cd20, 0x0000013442a6d3c0]
Event: 1.586 Thread 0x000001345ce86800 1030       1       org.aspectj.apache.bcel.classfile.LocalVariable::getStartPC (5 bytes)
Event: 1.586 Thread 0x000001345ce86800 nmethod 1030 0x0000013449e13b90 code [0x0000013449e13d40, 0x0000013449e13e78]
Event: 1.587 Thread 0x000001345ce86800 1033       1       org.aspectj.apache.bcel.classfile.InnerClass::getInnerClassIndex (5 bytes)
Event: 1.587 Thread 0x000001345ce86800 nmethod 1033 0x0000013449e13f10 code [0x0000013449e140c0, 0x0000013449e141f8]
Event: 1.587 Thread 0x000001345ce86800 1034       3       org.aspectj.weaver.ResolvedMemberImpl::<init> (85 bytes)
Event: 1.588 Thread 0x000001345ce86800 nmethod 1034 0x0000013442a6d590 code [0x0000013442a6d760, 0x0000013442a6db70]
Event: 1.588 Thread 0x000001345ce86800 1035       3       org.aspectj.weaver.MemberImpl::<init> (110 bytes)
Event: 1.588 Thread 0x000001345ce86800 nmethod 1035 0x0000013442a6dc10 code [0x0000013442a6de20, 0x0000013442a6e6a0]
Event: 1.588 Thread 0x000001345ce86800 1036   !   3       sun.nio.fs.WindowsPath::initOffsets (153 bytes)

GC Heap History (2 events):
Event: 1.085 GC heap before
{Heap before GC invocations=0 (full 0):
 garbage-first heap   total 245760K, used 14336K [0x0000000710a00000, 0x0000000800000000)
  region size 1024K, 14 young (14336K), 0 survivors (0K)
 Metaspace       used 4092K, capacity 6447K, committed 6656K, reserved 1056768K
  class space    used 417K, capacity 663K, committed 768K, reserved 1048576K
}
Event: 1.173 GC heap after
{Heap after GC invocations=1 (full 0):
 garbage-first heap   total 245760K, used 3281K [0x0000000710a00000, 0x0000000800000000)
  region size 1024K, 2 young (2048K), 2 survivors (2048K)
 Metaspace       used 4092K, capacity 6447K, committed 6656K, reserved 1056768K
  class space    used 417K, capacity 663K, committed 768K, reserved 1048576K
}

Deoptimization events (20 events):
Event: 0.663 Thread 0x000001343e222000 DEOPT PACKING pc=0x00000134428c03f0 sp=0x000000016e3f9550
Event: 0.665 Thread 0x000001343e222000 DEOPT UNPACKING pc=0x00000134423190ce sp=0x000000016e3f89d8 mode 0
Event: 0.752 Thread 0x000001343e222000 Uncommon trap: trap_request=0xffffff4d fr.pc=0x0000013449dc4610 relative=0x0000000000000070
Event: 0.752 Thread 0x000001343e222000 Uncommon trap: reason=unstable_if action=reinterpret pc=0x0000013449dc4610 method=java.io.WinNTFileSystem.isSlash(C)Z @ 9 c2
Event: 0.752 Thread 0x000001343e222000 DEOPT PACKING pc=0x0000013449dc4610 sp=0x000000016e3fc1e0
Event: 0.752 Thread 0x000001343e222000 DEOPT UNPACKING pc=0x00000134423192af sp=0x000000016e3fc168 mode 2
Event: 0.810 Thread 0x000001343e222000 Uncommon trap: trap_request=0xffffff4d fr.pc=0x0000013449dda814 relative=0x0000000000000254
Event: 0.810 Thread 0x000001343e222000 Uncommon trap: reason=unstable_if action=reinterpret pc=0x0000013449dda814 method=java.lang.String.startsWith(Ljava/lang/String;I)Z @ 14 c2
Event: 0.810 Thread 0x000001343e222000 DEOPT PACKING pc=0x0000013449dda814 sp=0x000000016e3fc9f0
Event: 0.810 Thread 0x000001343e222000 DEOPT UNPACKING pc=0x00000134423192af sp=0x000000016e3fc958 mode 2
Event: 0.813 Thread 0x000001343e222000 Uncommon trap: trap_request=0xffffff4d fr.pc=0x0000013449dc8de4 relative=0x0000000000000ce4
Event: 0.813 Thread 0x000001343e222000 Uncommon trap: reason=unstable_if action=reinterpret pc=0x0000013449dc8de4 method=java.util.HashMap.putVal(ILjava/lang/Object;Ljava/lang/Object;ZZ)Ljava/lang/Object; @ 181 c2
Event: 0.813 Thread 0x000001343e222000 DEOPT PACKING pc=0x0000013449dc8de4 sp=0x000000016e3fcad0
Event: 0.813 Thread 0x000001343e222000 DEOPT UNPACKING pc=0x00000134423192af sp=0x000000016e3fca70 mode 2
Event: 0.821 Thread 0x000001343e222000 DEOPT PACKING pc=0x00000134428e0e7f sp=0x000000016e3fa2e0
Event: 0.821 Thread 0x000001343e222000 DEOPT UNPACKING pc=0x00000134423190ce sp=0x000000016e3f9730 mode 0
Event: 0.963 Thread 0x000001343e222000 DEOPT PACKING pc=0x00000134428cab5b sp=0x000000016e3fa6f0
Event: 0.963 Thread 0x000001343e222000 DEOPT UNPACKING pc=0x00000134423190ce sp=0x000000016e3f9b68 mode 0
Event: 0.972 Thread 0x000001343e222000 DEOPT PACKING pc=0x00000134428f139b sp=0x000000016e3fa370
Event: 0.972 Thread 0x000001343e222000 DEOPT UNPACKING pc=0x00000134423190ce sp=0x000000016e3f97e0 mode 0

Classes redefined (0 events):
No events

Internal exceptions (20 events):
Event: 1.288 Thread 0x000001343e222000 Exception <a 'java/lang/ArrayIndexOutOfBoundsException'{0x000000071f43c0e0}: Index 9 out of bounds for length 9> (0x000000071f43c0e0) thrown at [c:/BuildAgent/work/5ff2f6c26000d570/src/hotspot/share/interpreter/interpreterRuntime.cpp, line 459]
Event: 1.288 Thread 0x000001343e222000 Exception <a 'java/lang/ArrayIndexOutOfBoundsException'{0x000000071f43c6a8}: Index 9 out of bounds for length 9> (0x000000071f43c6a8) thrown at [c:/BuildAgent/work/5ff2f6c26000d570/src/hotspot/share/interpreter/interpreterRuntime.cpp, line 459]
Event: 1.319 Thread 0x000001343e222000 Exception <a 'java/lang/ArrayIndexOutOfBoundsException'{0x000000071f4e5b40}: Index 7 out of bounds for length 7> (0x000000071f4e5b40) thrown at [c:/BuildAgent/work/5ff2f6c26000d570/src/hotspot/share/interpreter/interpreterRuntime.cpp, line 459]
Event: 1.319 Thread 0x000001343e222000 Exception <a 'java/lang/ArrayIndexOutOfBoundsException'{0x000000071f4e6108}: Index 7 out of bounds for length 7> (0x000000071f4e6108) thrown at [c:/BuildAgent/work/5ff2f6c26000d570/src/hotspot/share/interpreter/interpreterRuntime.cpp, line 459]
Event: 1.319 Thread 0x000001343e222000 Exception <a 'java/lang/ArrayIndexOutOfBoundsException'{0x000000071f4e66d0}: Index 7 out of bounds for length 7> (0x000000071f4e66d0) thrown at [c:/BuildAgent/work/5ff2f6c26000d570/src/hotspot/share/interpreter/interpreterRuntime.cpp, line 459]
Event: 1.337 Thread 0x000001343e222000 Exception <a 'java/lang/ArrayIndexOutOfBoundsException'{0x000000071f3238c8}: Index 7 out of bounds for length 7> (0x000000071f3238c8) thrown at [c:/BuildAgent/work/5ff2f6c26000d570/src/hotspot/share/interpreter/interpreterRuntime.cpp, line 459]
Event: 1.337 Thread 0x000001343e222000 Exception <a 'java/lang/ArrayIndexOutOfBoundsException'{0x000000071f323e90}: Index 7 out of bounds for length 7> (0x000000071f323e90) thrown at [c:/BuildAgent/work/5ff2f6c26000d570/src/hotspot/share/interpreter/interpreterRuntime.cpp, line 459]
Event: 1.337 Thread 0x000001343e222000 Exception <a 'java/lang/ArrayIndexOutOfBoundsException'{0x000000071f324458}: Index 7 out of bounds for length 7> (0x000000071f324458) thrown at [c:/BuildAgent/work/5ff2f6c26000d570/src/hotspot/share/interpreter/interpreterRuntime.cpp, line 459]
Event: 1.338 Thread 0x000001343e222000 Exception <a 'java/lang/ArrayIndexOutOfBoundsException'{0x000000071f327c78}: Index 7 out of bounds for length 7> (0x000000071f327c78) thrown at [c:/BuildAgent/work/5ff2f6c26000d570/src/hotspot/share/interpreter/interpreterRuntime.cpp, line 459]
Event: 1.338 Thread 0x000001343e222000 Exception <a 'java/lang/ArrayIndexOutOfBoundsException'{0x000000071f328240}: Index 7 out of bounds for length 7> (0x000000071f328240) thrown at [c:/BuildAgent/work/5ff2f6c26000d570/src/hotspot/share/interpreter/interpreterRuntime.cpp, line 459]
Event: 1.338 Thread 0x000001343e222000 Exception <a 'java/lang/ArrayIndexOutOfBoundsException'{0x000000071f328808}: Index 7 out of bounds for length 7> (0x000000071f328808) thrown at [c:/BuildAgent/work/5ff2f6c26000d570/src/hotspot/share/interpreter/interpreterRuntime.cpp, line 459]
Event: 1.356 Thread 0x000001343e222000 Exception <a 'java/lang/ArrayIndexOutOfBoundsException'{0x000000071f3939c8}: Index 11 out of bounds for length 11> (0x000000071f3939c8) thrown at [c:/BuildAgent/work/5ff2f6c26000d570/src/hotspot/share/interpreter/interpreterRuntime.cpp, line 459]
Event: 1.356 Thread 0x000001343e222000 Exception <a 'java/lang/ArrayIndexOutOfBoundsException'{0x000000071f393f90}: Index 11 out of bounds for length 11> (0x000000071f393f90) thrown at [c:/BuildAgent/work/5ff2f6c26000d570/src/hotspot/share/interpreter/interpreterRuntime.cpp, line 459]
Event: 1.356 Thread 0x000001343e222000 Exception <a 'java/lang/ArrayIndexOutOfBoundsException'{0x000000071f394558}: Index 11 out of bounds for length 11> (0x000000071f394558) thrown at [c:/BuildAgent/work/5ff2f6c26000d570/src/hotspot/share/interpreter/interpreterRuntime.cpp, line 459]
Event: 1.356 Thread 0x000001343e222000 Exception <a 'java/lang/ArrayIndexOutOfBoundsException'{0x000000071f3959c0}: Index 9 out of bounds for length 9> (0x000000071f3959c0) thrown at [c:/BuildAgent/work/5ff2f6c26000d570/src/hotspot/share/interpreter/interpreterRuntime.cpp, line 459]
Event: 1.356 Thread 0x000001343e222000 Exception <a 'java/lang/ArrayIndexOutOfBoundsException'{0x000000071f395f88}: Index 9 out of bounds for length 9> (0x000000071f395f88) thrown at [c:/BuildAgent/work/5ff2f6c26000d570/src/hotspot/share/interpreter/interpreterRuntime.cpp, line 459]
Event: 1.356 Thread 0x000001343e222000 Exception <a 'java/lang/ArrayIndexOutOfBoundsException'{0x000000071f396550}: Index 9 out of bounds for length 9> (0x000000071f396550) thrown at [c:/BuildAgent/work/5ff2f6c26000d570/src/hotspot/share/interpreter/interpreterRuntime.cpp, line 459]
Event: 1.357 Thread 0x000001343e222000 Exception <a 'java/lang/ArrayIndexOutOfBoundsException'{0x000000071f39b840}> (0x000000071f39b840) thrown at [c:/BuildAgent/work/5ff2f6c26000d570/src/hotspot/share/runtime/sharedRuntime.cpp, line 584]
Event: 1.357 Thread 0x000001343e222000 Exception <a 'java/lang/ArrayIndexOutOfBoundsException'{0x000000071f39be08}> (0x000000071f39be08) thrown at [c:/BuildAgent/work/5ff2f6c26000d570/src/hotspot/share/runtime/sharedRuntime.cpp, line 584]
Event: 1.357 Thread 0x000001343e222000 Exception <a 'java/lang/ArrayIndexOutOfBoundsException'{0x000000071f39c3d0}: Index 7 out of bounds for length 7> (0x000000071f39c3d0) thrown at [c:/BuildAgent/work/5ff2f6c26000d570/src/hotspot/share/interpreter/interpreterRuntime.cpp, line 459]

Events (20 events):
Event: 1.547 loading class org/junit/platform/launcher/Launcher
Event: 1.547 loading class org/junit/platform/launcher/Launcher done
Event: 1.548 loading class org/junit/platform/launcher/core/LauncherConfig
Event: 1.548 loading class org/junit/platform/launcher/core/LauncherConfig done
Event: 1.549 loading class org/junit/platform/launcher/core/LauncherConfig$Builder
Event: 1.549 loading class org/junit/platform/launcher/core/LauncherConfig$Builder done
Event: 1.551 loading class org/junit/platform/launcher/core/DefaultLauncherConfig
Event: 1.551 loading class org/junit/platform/launcher/core/DefaultLauncherConfig done
Event: 1.552 loading class org/junit/platform/commons/util/Preconditions
Event: 1.552 loading class org/junit/platform/commons/util/Preconditions done
Event: 1.566 loading class org/junit/platform/commons/PreconditionViolationException
Event: 1.566 loading class org/junit/platform/commons/PreconditionViolationException done
Event: 1.580 loading class org/junit/platform/commons/util/PreconditionViolationException
Event: 1.580 loading class org/junit/platform/commons/util/PreconditionViolationException done
Event: 1.583 loading class org/junit/platform/commons/JUnitException
Event: 1.583 loading class org/junit/platform/commons/JUnitException done
Event: 1.584 loading class org/junit/platform/launcher/core/ServiceLoaderTestEngineRegistry
Event: 1.584 loading class org/junit/platform/launcher/core/ServiceLoaderTestEngineRegistry done
Event: 1.587 loading class org/junit/platform/commons/logging/LoggerFactory
Event: 1.587 loading class org/junit/platform/commons/logging/LoggerFactory done


Dynamic libraries:
0x00007ff635240000 - 0x00007ff63524a000 	D:\Programs\INSTALLED\IntelliJ IDEA Community Edition 2019.3.2\jbr\bin\java.exe
0x00007fffe6430000 - 0x00007fffe6625000 	C:\WINDOWS\SYSTEM32\ntdll.dll
0x00007fffe5f10000 - 0x00007fffe5fcd000 	C:\WINDOWS\System32\KERNEL32.DLL
0x00007fffe3dd0000 - 0x00007fffe4098000 	C:\WINDOWS\System32\KERNELBASE.dll
0x00007fffe40a0000 - 0x00007fffe41a0000 	C:\WINDOWS\System32\ucrtbase.dll
0x00007fffcf470000 - 0x00007fffcf489000 	D:\Programs\INSTALLED\IntelliJ IDEA Community Edition 2019.3.2\jbr\bin\jli.dll
0x00007fffe4ba0000 - 0x00007fffe4d40000 	C:\WINDOWS\System32\USER32.dll
0x00007fffe3cd0000 - 0x00007fffe3cf2000 	C:\WINDOWS\System32\win32u.dll
0x00007fffe4b70000 - 0x00007fffe4b9a000 	C:\WINDOWS\System32\GDI32.dll
0x00007fffe4380000 - 0x00007fffe448b000 	C:\WINDOWS\System32\gdi32full.dll
0x00007fffe3d30000 - 0x00007fffe3dcd000 	C:\WINDOWS\System32\msvcp_win.dll
0x00007fffdf6f0000 - 0x00007fffdf707000 	D:\Programs\INSTALLED\IntelliJ IDEA Community Edition 2019.3.2\jbr\bin\VCRUNTIME140.dll
0x00007fffd0d90000 - 0x00007fffd102a000 	C:\WINDOWS\WinSxS\amd64_microsoft.windows.common-controls_6595b64144ccf1df_6.0.19041.844_none_ca00b6081b84eb1d\COMCTL32.dll
0x00007fffe4490000 - 0x00007fffe452e000 	C:\WINDOWS\System32\msvcrt.dll
0x00007fffe4da0000 - 0x00007fffe4dd0000 	C:\WINDOWS\System32\IMM32.DLL
0x00007fffcba60000 - 0x00007fffcbafd000 	D:\Programs\INSTALLED\IntelliJ IDEA Community Edition 2019.3.2\jbr\bin\msvcp140.dll
0x00007fff91550000 - 0x00007fff9200b000 	D:\Programs\INSTALLED\IntelliJ IDEA Community Edition 2019.3.2\jbr\bin\server\jvm.dll
0x00007fffe4540000 - 0x00007fffe45ec000 	C:\WINDOWS\System32\ADVAPI32.dll
0x00007fffe5e60000 - 0x00007fffe5efb000 	C:\WINDOWS\System32\sechost.dll
0x00007fffe60c0000 - 0x00007fffe61eb000 	C:\WINDOWS\System32\RPCRT4.dll
0x00007fffe4530000 - 0x00007fffe4538000 	C:\WINDOWS\System32\PSAPI.DLL
0x00007fffca060000 - 0x00007fffca069000 	C:\WINDOWS\SYSTEM32\WSOCK32.dll
0x00007fffe5c40000 - 0x00007fffe5cab000 	C:\WINDOWS\System32\WS2_32.dll
0x00007fffd9870000 - 0x00007fffd9897000 	C:\WINDOWS\SYSTEM32\WINMM.dll
0x00007fffdc390000 - 0x00007fffdc39a000 	C:\WINDOWS\SYSTEM32\VERSION.dll
0x00007fffe1a70000 - 0x00007fffe1a82000 	C:\WINDOWS\SYSTEM32\kernel.appcore.dll
0x00007fffcb000000 - 0x00007fffcb011000 	D:\Programs\INSTALLED\IntelliJ IDEA Community Edition 2019.3.2\jbr\bin\verify.dll
0x00007fffcb5c0000 - 0x00007fffcb7a4000 	C:\WINDOWS\SYSTEM32\DBGHELP.DLL
0x00007fffcaeb0000 - 0x00007fffcaedc000 	C:\WINDOWS\SYSTEM32\dbgcore.DLL
0x00007fffe4300000 - 0x00007fffe4380000 	C:\WINDOWS\System32\bcryptPrimitives.dll
0x00007fffb3ab0000 - 0x00007fffb3ad9000 	D:\Programs\INSTALLED\IntelliJ IDEA Community Edition 2019.3.2\jbr\bin\java.dll
0x00007fffdaba0000 - 0x00007fffdabaf000 	D:\Programs\INSTALLED\IntelliJ IDEA Community Edition 2019.3.2\jbr\bin\instrument.dll
0x00007fffc9280000 - 0x00007fffc9297000 	D:\Programs\INSTALLED\IntelliJ IDEA Community Edition 2019.3.2\jbr\bin\zip.dll
0x00007fffccf80000 - 0x00007fffccf8b000 	D:\Programs\INSTALLED\IntelliJ IDEA Community Edition 2019.3.2\jbr\bin\jimage.dll
0x00007fffe4e90000 - 0x00007fffe55d2000 	C:\WINDOWS\System32\SHELL32.dll
0x00007fffe1c70000 - 0x00007fffe2401000 	C:\WINDOWS\SYSTEM32\windows.storage.dll
0x00007fffe46e0000 - 0x00007fffe4a35000 	C:\WINDOWS\System32\combase.dll
0x00007fffe3510000 - 0x00007fffe353c000 	C:\WINDOWS\SYSTEM32\Wldp.dll
0x00007fffe4de0000 - 0x00007fffe4e8e000 	C:\WINDOWS\System32\SHCORE.dll
0x00007fffe4d40000 - 0x00007fffe4d95000 	C:\WINDOWS\System32\shlwapi.dll
0x00007fffe3ab0000 - 0x00007fffe3acf000 	C:\WINDOWS\SYSTEM32\profapi.dll
0x00007fffbf5e0000 - 0x00007fffbf5fa000 	D:\Programs\INSTALLED\IntelliJ IDEA Community Edition 2019.3.2\jbr\bin\net.dll
0x00007fffdd380000 - 0x00007fffdd48b000 	C:\WINDOWS\SYSTEM32\WINHTTP.dll
0x00007fffe32f0000 - 0x00007fffe335a000 	C:\WINDOWS\system32\mswsock.dll
0x00007fffbf420000 - 0x00007fffbf434000 	D:\Programs\INSTALLED\IntelliJ IDEA Community Edition 2019.3.2\jbr\bin\nio.dll
0x00007fffcd120000 - 0x00007fffcd13a000 	D:\Programs\INSTALLED\IntelliJ IDEA Community Edition 2019.3.2\bin\breakgen64.dll

dbghelp: loaded successfully - version: 4.0.5 - missing functions: none
symbol engine: initialized successfully - sym options: 0x614 - pdb path: .;D:\Programs\INSTALLED\IntelliJ IDEA Community Edition 2019.3.2\jbr\bin;C:\WINDOWS\SYSTEM32;C:\WINDOWS\WinSxS\amd64_microsoft.windows.common-controls_6595b64144ccf1df_6.0.19041.844_none_ca00b6081b84eb1d;D:\Programs\INSTALLED\IntelliJ IDEA Community Edition 2019.3.2\jbr\bin\server;D:\Programs\INSTALLED\IntelliJ IDEA Community Edition 2019.3.2\bin

VM Arguments:
jvm_args: -ea -javaagent:C:\Users\House\.m2\repository/org/aspectj/aspectjweaver/1.9.4/aspectjweaver-1.9.4.jar -Didea.test.cyclic.buffer.size=1048576 -javaagent:D:\Programs\INSTALLED\IntelliJ IDEA Community Edition 2019.3.2\lib\idea_rt.jar=6636:D:\Programs\INSTALLED\IntelliJ IDEA Community Edition 2019.3.2\bin -Dfile.encoding=UTF-8 
java_command: com.intellij.rt.junit.JUnitStarter -ideVersion5 -junit5 YandexTest,test
java_class_path (initial): D:\Programs\INSTALLED\IntelliJ IDEA Community Edition 2019.3.2\lib\idea_rt.jar;D:\Programs\INSTALLED\IntelliJ IDEA Community Edition 2019.3.2\plugins\junit\lib\junit5-rt.jar;D:\Programs\INSTALLED\IntelliJ IDEA Community Edition 2019.3.2\plugins\junit\lib\junit-rt.jar;C:\Users\House\Desktop\gs-serving-web-content-main\untitled1\target\test-classes;C:\Users\House\Desktop\gs-serving-web-content-main\untitled1\target\classes;C:\Users\House\.m2\repository\io\qameta\allure\allure-junit5\2.13.2\allure-junit5-2.13.2.jar;C:\Users\House\.m2\repository\io\qameta\allure\allure-junit-platform\2.13.2\allure-junit-platform-2.13.2.jar;C:\Users\House\.m2\repository\org\junit\jupiter\junit-jupiter-api\5.5.2\junit-jupiter-api-5.5.2.jar;C:\Users\House\.m2\repository\org\apiguardian\apiguardian-api\1.1.0\apiguardian-api-1.1.0.jar;C:\Users\House\.m2\repository\org\opentest4j\opentest4j\1.2.0\opentest4j-1.2.0.jar;C:\Users\House\.m2\repository\org\junit\platform\junit-platform-commons\1.5.2\junit-platform-commons-1.5.2.jar;C:\Users\House\.m2\repository\org\junit\platform\junit-platform-launcher\1.5.2\junit-platform-launcher-1.5.2.jar;C:\Users\House\.m2\repository\org\junit\platform\junit-platform-engine\1.5.2\junit-platform-engine-1.5.2.jar;C:\Users\House\.m2\repository\io\qameta\allure\allure-java-commons\2.13.2\allure-java-commons-2.13.2.jar;C:\Users\House\.m2\repository\io\qameta\allure\allure-model\2.13.2\allure-model-2.13.2.jar;C:\Users\House\.m2\repository\com\fasterxml\jackson\core\jackson-databind\2.9.8\jackson-databind-2.9.8.jar;C:\Users\House\.m2\repository\com\fasterxml\jackson\core\jackson-annotations\2.9.0\jackson-annotations-2.9.0.jar;C:\Users\House\.m2\repository\com\fasterxml\jackson\core\jackson-core\2.9.8\jackson-core-2.9.8.jar;C:\Users\House\.m2\repository\org\apache\tika\tika-core\1.20\tika-core-1.20.jar;C:\Users\House\.m2\repository\org\jooq\joor-java-8\0.9.10\joor-java-8-0.9.10.jar;C:\Users\House\.m2\repository\com\codeborne\selenide\5.20.
Launcher Type: SUN_STANDARD

[Global flags]
     intx CICompilerCount                          = 3                                         {product} {ergonomic}
     uint ConcGCThreads                            = 1                                         {product} {ergonomic}
     uint G1ConcRefinementThreads                  = 4                                         {product} {ergonomic}
   size_t G1HeapRegionSize                         = 1048576                                   {product} {ergonomic}
    uintx GCDrainStackTargetSize                   = 64                                        {product} {ergonomic}
   size_t InitialHeapSize                          = 251658240                                 {product} {ergonomic}
   size_t MarkStackSize                            = 4194304                                   {product} {ergonomic}
   size_t MaxHeapSize                              = 4016046080                                {product} {ergonomic}
   size_t MaxNewSize                               = 2409627648                                {product} {ergonomic}
   size_t MinHeapDeltaBytes                        = 1048576                                   {product} {ergonomic}
    uintx NonNMethodCodeHeapSize                   = 5830732                                {pd product} {ergonomic}
    uintx NonProfiledCodeHeapSize                  = 122913754                              {pd product} {ergonomic}
    uintx ProfiledCodeHeapSize                     = 122913754                              {pd product} {ergonomic}
    uintx ReservedCodeCacheSize                    = 251658240                              {pd product} {ergonomic}
     bool SegmentedCodeCache                       = true                                      {product} {ergonomic}
     bool UseCompressedClassPointers               = true                                 {lp64_product} {ergonomic}
     bool UseCompressedOops                        = true                                 {lp64_product} {ergonomic}
     bool UseG1GC                                  = true                                      {product} {ergonomic}
     bool UseLargePagesIndividualAllocation        = false                                  {pd product} {ergonomic}

Logging:
Log output configuration:
 #0: stdout all=warning uptime,level,tags
 #1: stderr all=off uptime,level,tags

Environment Variables:
PATH=C:\Program Files (x86)\Common Files\Oracle\Java\javapath;C:\oraclexe\app\oracle\product\11.2.0\server\bin;C:\Program Files (x86)\AMD APP\bin\x86_64;C:\Program Files (x86)\AMD APP\bin\x86;c:\programdata\oracle\java\javapath;c:\program files (x86)\intel\icls client\;c:\program files\intel\icls client\;c:\windows\system32;c:\windows;c:\windows\system32\wbem;c:\windows\system32\windowspowershell\v1.0\;c:\program files (x86)\intel\intel(r) management engine components\dal;c:\program files\intel\intel(r) management engine components\dal;c:\program files (x86)\intel\intel(r) management engine components\ipt;c:\program files\intel\intel(r) management engine components\ipt;d:\programs\installed\git\cmd;D:\Programs\INSTALLED\ATI DRIVERS\ATI.ACE\Core-Static;C:\WINDOWS\system32;C:\WINDOWS;C:\WINDOWS\System32\Wbem;C:\WINDOWS\System32\WindowsPowerShell\v1.0\;C:\WINDOWS\System32\OpenSSH\;D:\Programs\INSTALLED\Git\cmd;C:\Program Files\NVIDIA Corporation\NVIDIA NvDLISR;C:;C:\Program Files\dotnet\;C:\Program Files (x86)\Microsoft SQL Server\150\DTS\Binn\;C:\Program Files\Microsoft SQL Server\Client SDK\ODBC\130\Tools\Binn\;C:\Program Files (x86)\Microsoft SQL Server\140\Tools\Binn\;C:\Program Files\Microsoft SQL Server\140\Tools\Binn\;C:\Program Files\Microsoft SQL Server\140\DTS\Binn\;C:\Program Files (x86)\NVIDIA Corporation\PhysX\Common;D:\Programs\INSTALLED\Node_JS\;C:\Program Files (x86)\Calibre2\;%SystemRoot%\system32;%SystemRoot%;%SystemRoot%\System32\Wbem;%SYSTEMROOT%\System32\WindowsPowerShell\v1.0\;%SYSTEMROOT%\System32\OpenSSH\;C:\Program Files\MySQL\MySQL Shell 8.0\bin\;C:\Users\House\AppData\Local\Programs\Python\Python36\Scripts\;C:\Users\House\AppData\Local\Programs\Python\Python36\;C:\Users\House\AppData\Local\Microsoft\WindowsApps;C:\Users\House\AppData\Local\atom\bin;C:\Users\House\AppData\Local\Microsoft\WindowsApps;;D:\Programs\INSTALLED\IntelliJ IDEA Community Edition 2019.3.2\bin;;D:\Programs\INSTALLED\PyCharm Community Edition 2018.3.5\bin;;D:\Programs\INSTAL
USERNAME=House
OS=Windows_NT
PROCESSOR_IDENTIFIER=Intel64 Family 6 Model 158 Stepping 9, GenuineIntel



---------------  S Y S T E M  ---------------

OS: Windows 10 , 64 bit Build 19041 (10.0.19041.928)
HyperV virtualization detected

CPU:total 4 (initial active 4) (4 cores per cpu, 1 threads per core) family 6 model 158 stepping 9, cmov, cx8, fxsr, mmx, sse, sse2, sse3, ssse3, sse4.1, sse4.2, popcnt, avx, avx2, aes, clmul, erms, rtm, 3dnowpref, lzcnt, tsc, tscinvbit, bmi1, bmi2, adx, fma

Memory: 4k page, system-wide physical 15316M (2714M free)
TotalPageFile size 27316M (AvailPageFile size 5M)
current process WorkingSet (physical memory assigned to process): 87M, peak: 87M
current process commit charge ("private bytes"): 348M, peak: 348M

vm_info: OpenJDK 64-Bit Server VM (11.0.5+10-b520.30) for windows-amd64 JRE (11.0.5+10-b520.30), built on Dec 24 2019 12:06:09 by "" with MS VC++ 14.0 (VS2015)

END.
